2025-05-28 00:10:01 [main] INFO  c.e.onlineShop.OnlineShopApplication - Starting OnlineShopApplication v0.0.1-SNAPSHOT using Java 21.0.7 with PID 1 (/app/app.jar started by root in /app)
2025-05-28 00:10:01 [main] INFO  c.e.onlineShop.OnlineShopApplication - No active profile set, falling back to 1 default profile: "default"
2025-05-28 00:10:02 [main] INFO  o.s.d.r.c.RepositoryConfigurationDelegate - Bootstrapping Spring Data JPA repositories in DEFAULT mode.
2025-05-28 00:10:02 [main] INFO  o.s.d.r.c.RepositoryConfigurationDelegate - Finished Spring Data repository scanning in 41 ms. Found 0 JPA repository interfaces.
2025-05-28 00:10:03 [main] INFO  o.s.b.w.e.tomcat.TomcatWebServer - Tomcat initialized with port 8080 (http)
2025-05-28 00:10:03 [main] INFO  o.a.coyote.http11.Http11NioProtocol - Initializing ProtocolHandler ["http-nio-8080"]
2025-05-28 00:10:03 [main] INFO  o.a.catalina.core.StandardService - Starting service [Tomcat]
2025-05-28 00:10:03 [main] INFO  o.a.catalina.core.StandardEngine - Starting Servlet engine: [Apache Tomcat/10.1.40]
2025-05-28 00:10:03 [main] INFO  o.a.c.c.C.[Tomcat].[localhost].[/] - Initializing Spring embedded WebApplicationContext
2025-05-28 00:10:03 [main] INFO  o.s.b.w.s.c.ServletWebServerApplicationContext - Root WebApplicationContext: initialization completed in 2262 ms
2025-05-28 00:10:04 [main] INFO  o.h.jpa.internal.util.LogHelper - HHH000204: Processing PersistenceUnitInfo [name: default]
2025-05-28 00:10:04 [main] INFO  org.hibernate.Version - HHH000412: Hibernate ORM core version 6.6.13.Final
2025-05-28 00:10:04 [main] INFO  o.h.c.i.RegionFactoryInitiator - HHH000026: Second-level cache disabled
2025-05-28 00:10:04 [main] INFO  o.s.o.j.p.SpringPersistenceUnitInfo - No LoadTimeWeaver setup: ignoring JPA class transformer
2025-05-28 00:10:04 [main] INFO  com.zaxxer.hikari.HikariDataSource - HikariPool-1 - Starting...
2025-05-28 00:10:05 [main] INFO  com.zaxxer.hikari.pool.HikariPool - HikariPool-1 - Added connection conn0: url=jdbc:h2:file:./data/shop user=SA
2025-05-28 00:10:05 [main] INFO  com.zaxxer.hikari.HikariDataSource - HikariPool-1 - Start completed.
2025-05-28 00:10:05 [main] WARN  org.hibernate.orm.deprecation - HHH90000025: H2Dialect does not need to be specified explicitly using 'hibernate.dialect' (remove the property setting and it will be selected by default)
2025-05-28 00:10:05 [main] INFO  o.hibernate.orm.connections.pooling - HHH10001005: Database info:
	Database JDBC URL [Connecting through datasource 'HikariDataSource (HikariPool-1)']
	Database driver: undefined/unknown
	Database version: 2.3.232
	Autocommit mode: undefined/unknown
	Isolation level: undefined/unknown
	Minimum pool size: undefined/unknown
	Maximum pool size: undefined/unknown
2025-05-28 00:10:06 [main] INFO  o.h.e.t.j.p.i.JtaPlatformInitiator - HHH000489: No JTA platform available (set 'hibernate.transaction.jta.platform' to enable JTA platform integration)
2025-05-28 00:10:06 [main] INFO  o.s.o.j.LocalContainerEntityManagerFactoryBean - Initialized JPA EntityManagerFactory for persistence unit 'default'
2025-05-28 00:10:07 [main] INFO  c.e.o.services.ProductService - ProductService initialized
2025-05-28 00:10:07 [main] WARN  o.s.b.a.o.j.JpaBaseConfiguration$JpaWebConfiguration - spring.jpa.open-in-view is enabled by default. Therefore, database queries may be performed during view rendering. Explicitly configure spring.jpa.open-in-view to disable this warning
2025-05-28 00:10:07 [main] INFO  o.s.s.c.a.a.c.InitializeUserDetailsBeanManagerConfigurer$InitializeUserDetailsManagerConfigurer - Global AuthenticationManager configured with UserDetailsService bean with name customUserDetailsService
2025-05-28 00:10:08 [main] INFO  o.s.b.a.h.H2ConsoleAutoConfiguration - H2 console available at '/h2-console'. Database available at 'jdbc:h2:file:./data/shop'
2025-05-28 00:10:08 [main] INFO  o.a.coyote.http11.Http11NioProtocol - Starting ProtocolHandler ["http-nio-8080"]
2025-05-28 00:10:08 [main] INFO  o.s.b.w.e.tomcat.TomcatWebServer - Tomcat started on port 8080 (http) with context path '/'
2025-05-28 00:10:08 [main] INFO  c.e.onlineShop.OnlineShopApplication - Started OnlineShopApplication in 8.35 seconds (process running for 9.447)
2025-05-28 00:10:22 [http-nio-8080-exec-1] INFO  o.a.c.c.C.[Tomcat].[localhost].[/] - Initializing Spring DispatcherServlet 'dispatcherServlet'
2025-05-28 00:10:22 [http-nio-8080-exec-1] INFO  o.s.web.servlet.DispatcherServlet - Initializing Servlet 'dispatcherServlet'
2025-05-28 00:10:22 [http-nio-8080-exec-1] INFO  o.s.web.servlet.DispatcherServlet - Completed initialization in 2 ms
2025-05-28 00:10:30 [http-nio-8080-exec-9] INFO  c.e.o.r.UserRepositoryImpl - Finding user by email: admin@gmail.com
2025-05-28 00:10:30 [http-nio-8080-exec-9] INFO  c.e.o.s.CustomUserDetailsService - User found: admin@gmail.com
2025-05-28 00:10:30 [http-nio-8080-exec-10] INFO  c.e.o.r.UserRepositoryImpl - Finding user by email: admin@gmail.com
2025-05-28 00:10:45 [http-nio-8080-exec-7] INFO  c.e.o.r.UserRepositoryImpl - Finding user by email: admin@gmail.com
2025-05-28 00:10:46 [http-nio-8080-exec-10] INFO  c.e.o.r.UserRepositoryImpl - Finding all users
2025-05-28 00:10:46 [http-nio-8080-exec-10] INFO  c.e.o.r.UserRepositoryImpl - Finding user by email: admin@gmail.com
2025-05-28 00:10:48 [http-nio-8080-exec-4] INFO  c.e.o.r.UserRepositoryImpl - Finding user by id: 1
2025-05-28 00:10:48 [http-nio-8080-exec-4] INFO  c.e.onlineShop.services.UserService - Ban user with id = 1; email: alex.tutski@outlook.com
2025-05-28 00:10:48 [http-nio-8080-exec-4] INFO  c.e.o.r.UserRepositoryImpl - Saving user with email: alex.tutski@outlook.com
2025-05-28 00:10:48 [http-nio-8080-exec-3] INFO  c.e.o.r.UserRepositoryImpl - Finding all users
2025-05-28 00:10:48 [http-nio-8080-exec-3] INFO  c.e.o.r.UserRepositoryImpl - Finding user by email: admin@gmail.com
2025-05-28 00:11:10 [http-nio-8080-exec-7] INFO  c.e.o.r.UserRepositoryImpl - Finding user by id: 1
2025-05-28 00:11:10 [http-nio-8080-exec-7] INFO  c.e.onlineShop.services.UserService - UnBan user with id = 1; email: alex.tutski@outlook.com
2025-05-28 00:11:10 [http-nio-8080-exec-7] INFO  c.e.o.r.UserRepositoryImpl - Saving user with email: alex.tutski@outlook.com
2025-05-28 00:11:10 [http-nio-8080-exec-8] INFO  c.e.o.r.UserRepositoryImpl - Finding all users
2025-05-28 00:11:10 [http-nio-8080-exec-8] INFO  c.e.o.r.UserRepositoryImpl - Finding user by email: admin@gmail.com
2025-05-28 00:11:23 [http-nio-8080-exec-1] INFO  c.e.o.r.UserRepositoryImpl - Finding user by email: admin@gmail.com
2025-05-28 00:11:25 [http-nio-8080-exec-8] INFO  c.e.o.r.UserRepositoryImpl - Finding user by email: admin@gmail.com
2025-05-28 00:11:27 [http-nio-8080-exec-1] INFO  c.e.o.r.UserRepositoryImpl - Finding user by email: admin@gmail.com
2025-05-28 00:11:58 [http-nio-8080-exec-7] INFO  c.e.o.r.UserRepositoryImpl - Finding user by email: admin@gmail.com
2025-05-28 00:11:58 [http-nio-8080-exec-7] INFO  c.e.o.services.ProductService - Saving new Product. Title: iPhone; Author email: admin@gmail.com
2025-05-28 00:11:58 [http-nio-8080-exec-3] INFO  c.e.o.r.UserRepositoryImpl - Finding user by email: admin@gmail.com
2025-05-28 00:12:00 [http-nio-8080-exec-9] INFO  c.e.o.r.UserRepositoryImpl - Finding user by email: admin@gmail.com
2025-05-28 00:12:02 [http-nio-8080-exec-8] INFO  c.e.o.r.UserRepositoryImpl - Finding user by email: admin@gmail.com
2025-05-28 00:12:04 [http-nio-8080-exec-10] INFO  c.e.o.r.UserRepositoryImpl - Finding user by email: admin@gmail.com
2025-05-28 00:12:05 [http-nio-8080-exec-1] INFO  c.e.o.r.UserRepositoryImpl - Finding user by email: admin@gmail.com
2025-05-28 00:12:07 [http-nio-8080-exec-2] INFO  c.e.o.r.UserRepositoryImpl - Finding user by id: 3
2025-05-28 00:12:07 [http-nio-8080-exec-2] INFO  c.e.o.r.UserRepositoryImpl - Finding user by email: admin@gmail.com
2025-05-28 00:12:10 [http-nio-8080-exec-2] INFO  c.e.o.r.UserRepositoryImpl - Finding user by email: admin@gmail.com
2025-05-28 00:12:11 [http-nio-8080-exec-10] INFO  c.e.o.r.UserRepositoryImpl - Finding user by email: admin@gmail.com
2025-05-28 00:13:52 [SpringApplicationShutdownHook] INFO  o.s.b.w.e.tomcat.GracefulShutdown - Commencing graceful shutdown. Waiting for active requests to complete
2025-05-28 00:13:52 [tomcat-shutdown] INFO  o.s.b.w.e.tomcat.GracefulShutdown - Graceful shutdown complete
2025-05-28 00:13:52 [SpringApplicationShutdownHook] INFO  o.s.o.j.LocalContainerEntityManagerFactoryBean - Closing JPA EntityManagerFactory for persistence unit 'default'
2025-05-28 00:13:52 [SpringApplicationShutdownHook] INFO  com.zaxxer.hikari.HikariDataSource - HikariPool-1 - Shutdown initiated...
2025-05-28 00:13:52 [SpringApplicationShutdownHook] INFO  com.zaxxer.hikari.HikariDataSource - HikariPool-1 - Shutdown completed.
